<?xml version="1.0" encoding="UTF-8"?>
<testsuite xmlns:xsi="http://www.w3.org/2001/XMLSchema-instance" xsi:noNamespaceSchemaLocation="https://maven.apache.org/surefire/maven-surefire-plugin/xsd/surefire-test-report-3.0.xsd" version="3.0" name="br.com.gestao.GestaoApplicationTests" time="0.555" tests="1" errors="0" skipped="0" failures="0">
  <properties>
[...]
</properties>
  <testcase name="contextLoads" classname="br.com.gestao.GestaoApplicationTests" time="0.003">
    <system-out><![CDATA[2026-07-29T17:38:54.208-03:00  INFO 53122 --- [           main] t.c.s.AnnotationConfigContextLoaderUtils : Could not detect default configuration classes for test class [br.com.gestao.GestaoApplicationTests]: GestaoApplicationTests does not declare any static, non-private, non-final, nested classes annotated with @Configuration.
2026-07-29T17:38:54.210-03:00  INFO 53122 --- [           main] .b.t.c.SpringBootTestContextBootstrapper : Found @SpringBootConfiguration br.com.gestao.GestaoApplication for test class br.com.gestao.GestaoApplicationTests

  .   ____          _            __ _ _
 /\\ / ___'_ __ _ _(_)_ __  __ _ \ \ \ \
( ( )\___ | '_ | '_| | '_ \/ _` | \ \ \ \
 \\/  ___)| |_)| | | | | || (_| |  ) ) ) )
  '  |____| .__|_| |_|_| |_\__, | / / / /
 =========|_|==============|___/=/_/_/_/
 :: Spring Boot ::                (v3.2.5)

2026-07-29T17:38:54.229-03:00  INFO 53122 --- [           main] br.com.gestao.GestaoApplicationTests     : Starting GestaoApplicationTests using Java 17.0.19 with PID 53122 (started by teixrom in /home/teixrom/projetos/gestao/backend-h2)
2026-07-29T17:38:54.229-03:00  INFO 53122 --- [           main] br.com.gestao.GestaoApplicationTests     : No active profile set, falling back to 1 default profile: "default"
2026-07-29T17:38:54.323-03:00  INFO 53122 --- [           main] .s.d.r.c.RepositoryConfigurationDelegate : Bootstrapping Spring Data JPA repositories in DEFAULT mode.
2026-07-29T17:38:54.332-03:00  INFO 53122 --- [           main] .s.d.r.c.RepositoryConfigurationDelegate : Finished Spring Data repository scanning in 8 ms. Found 8 JPA repository interfaces.
2026-07-29T17:38:54.390-03:00  INFO 53122 --- [           main] o.hibernate.jpa.internal.util.LogHelper  : HHH000204: Processing PersistenceUnitInfo [name: default]
2026-07-29T17:38:54.393-03:00  INFO 53122 --- [           main] o.h.c.internal.RegionFactoryInitiator    : HHH000026: Second-level cache disabled
2026-07-29T17:38:54.397-03:00  INFO 53122 --- [           main] o.s.o.j.p.SpringPersistenceUnitInfo      : No LoadTimeWeaver setup: ignoring JPA class transformer
2026-07-29T17:38:54.398-03:00  INFO 53122 --- [           main] com.zaxxer.hikari.HikariDataSource       : HikariPool-2 - Starting...
2026-07-29T17:38:54.398-03:00  INFO 53122 --- [           main] com.zaxxer.hikari.pool.HikariPool        : HikariPool-2 - Added connection conn10: url=jdbc:h2:mem:testdb user=SA
2026-07-29T17:38:54.398-03:00  INFO 53122 --- [           main] com.zaxxer.hikari.HikariDataSource       : HikariPool-2 - Start completed.
2026-07-29T17:38:54.399-03:00  WARN 53122 --- [           main] org.hibernate.orm.deprecation            : HHH90000025: H2Dialect does not need to be specified explicitly using 'hibernate.dialect' (remove the property setting and it will be selected by default)
2026-07-29T17:38:54.532-03:00  INFO 53122 --- [           main] o.h.e.t.j.p.i.JtaPlatformInitiator       : HHH000489: No JTA platform available (set 'hibernate.transaction.jta.platform' to enable JTA platform integration)
2026-07-29T17:38:54.553-03:00  INFO 53122 --- [           main] j.LocalContainerEntityManagerFactoryBean : Initialized JPA EntityManagerFactory for persistence unit 'default'
2026-07-29T17:38:54.642-03:00  WARN 53122 --- [           main] .s.s.UserDetailsServiceAutoConfiguration : 

Using generated security password: c9a31fc9-e068-417f-b57e-1640d0b4604d

This generated password is for development use only. Your security configuration must be updated before running your application in production.

2026-07-29T17:38:54.693-03:00  INFO 53122 --- [           main] o.s.s.web.DefaultSecurityFilterChain     : Will secure any request with [org.springframework.security.web.session.DisableEncodeUrlFilter@74239871, org.springframework.security.web.context.request.async.WebAsyncManagerIntegrationFilter@377d66f, org.springframework.security.web.context.SecurityContextHolderFilter@286e2b71, org.springframework.security.web.header.HeaderWriterFilter@5e05f3eb, org.springframework.web.filter.CorsFilter@30c31e10, org.springframework.security.web.authentication.logout.LogoutFilter@16fc3be9, br.com.gestao.security.TokenFilter@74a15f4, org.springframework.security.web.savedrequest.RequestCacheAwareFilter@6ad4d333, org.springframework.security.web.servletapi.SecurityContextHolderAwareRequestFilter@1b3fff29, org.springframework.security.web.authentication.AnonymousAuthenticationFilter@74f446ba, org.springframework.security.web.session.SessionManagementFilter@40e28324, org.springframework.security.web.access.ExceptionTranslationFilter@74d6d5ca, org.springframework.security.web.access.intercept.AuthorizationFilter@3e5f458f]
2026-07-29T17:38:54.757-03:00  INFO 53122 --- [           main] br.com.gestao.GestaoApplicationTests     : Started GestaoApplicationTests in 0.545 seconds (process running for 5.565)
]]></system-out>
  </testcase>
</testsuite>